<?xml version="1.0" encoding="UTF-8"?>
<testng-results skipped="0" failed="0" ignored="0" total="1" passed="1">
  <reporter-output>
  </reporter-output>
  <suite name="Default suite" duration-ms="10021" started-at="2018-03-31T05:43:07Z" finished-at="2018-03-31T05:43:17Z">
    <groups>
    </groups>
    <test name="Default test" duration-ms="10021" started-at="2018-03-31T05:43:07Z" finished-at="2018-03-31T05:43:17Z">
      <class name="TestScripts.loginTC">
        <test-method status="PASS" signature="Setup()[pri:0, instance:TestScripts.loginTC@41eaa2]" name="Setup" is-config="true" duration-ms="8732" started-at="2018-03-31T11:13:07Z" finished-at="2018-03-31T11:13:15Z">
          <reporter-output>
          </reporter-output>
        </test-method> <!-- Setup -->
        <test-method status="PASS" signature="login()[pri:0, instance:TestScripts.loginTC@41eaa2]" name="login" duration-ms="1253" started-at="2018-03-31T11:13:15Z" finished-at="2018-03-31T11:13:17Z">
          <reporter-output>
          </reporter-output>
        </test-method> <!-- login -->
      </class> <!-- TestScripts.loginTC -->
    </test> <!-- Default test -->
  </suite> <!-- Default suite -->
</testng-results>
